  http_stream.cpp
  image_opencv.cpp
c:\program files\nvidia gpu computing toolkit\cuda\v10.2\include\cuda_runtime_api.h(9349): warning C4819: 该文件包含不能在当前代码页(936)中表示的字符。请将该文件保存为 Unicode 格式以防止数据丢失 (编译源文件 ..\..\src\http_stream.cpp)
c:\program files\nvidia gpu computing toolkit\cuda\v10.2\include\cuda_runtime_api.h(9349): warning C4819: 该文件包含不能在当前代码页(936)中表示的字符。请将该文件保存为 Unicode 格式以防止数据丢失 (编译源文件 ..\..\src\image_opencv.cpp)
c:\program files\nvidia gpu computing toolkit\cuda\v10.2\include\cuda_runtime_api.h(9349): warning C4819: 该文件包含不能在当前代码页(936)中表示的字符。请将该文件保存为 Unicode 格式以防止数据丢失 (编译源文件 ..\..\src\http_stream.cpp)
c:\program files\nvidia gpu computing toolkit\cuda\v10.2\include\cuda_runtime_api.h(9349): warning C4819: 该文件包含不能在当前代码页(936)中表示的字符。请将该文件保存为 Unicode 格式以防止数据丢失 (编译源文件 ..\..\src\image_opencv.cpp)
c:\program files\nvidia gpu computing toolkit\cuda\v10.2\include\cuda_runtime_api.h(9349): warning C4819: 该文件包含不能在当前代码页(936)中表示的字符。请将该文件保存为 Unicode 格式以防止数据丢失 (编译源文件 ..\..\src\http_stream.cpp)
c:\program files\nvidia gpu computing toolkit\cuda\v10.2\include\cuda_runtime_api.h(9349): warning C4819: 该文件包含不能在当前代码页(936)中表示的字符。请将该文件保存为 Unicode 格式以防止数据丢失 (编译源文件 ..\..\src\image_opencv.cpp)
c:\program files\nvidia gpu computing toolkit\cuda\v10.2\include\cuda_runtime_api.h(9349): warning C4819: 该文件包含不能在当前代码页(936)中表示的字符。请将该文件保存为 Unicode 格式以防止数据丢失 (编译源文件 ..\..\src\http_stream.cpp)
c:\program files\nvidia gpu computing toolkit\cuda\v10.2\include\cuda_runtime_api.h(9349): warning C4819: 该文件包含不能在当前代码页(936)中表示的字符。请将该文件保存为 Unicode 格式以防止数据丢失 (编译源文件 ..\..\src\image_opencv.cpp)
C:\Program Files\NVIDIA GPU Computing Toolkit\CUDA\v10.2\include\cuda_fp16.h : warning C4819: 该文件包含不能在当前代码页(936)中表示的字符。请将该文件保存为 Unicode 格式以防止数据丢失 (编译源文件 ..\..\src\http_stream.cpp)
C:\Program Files\NVIDIA GPU Computing Toolkit\CUDA\v10.2\include\cuda_fp16.h : warning C4819: 该文件包含不能在当前代码页(936)中表示的字符。请将该文件保存为 Unicode 格式以防止数据丢失 (编译源文件 ..\..\src\image_opencv.cpp)
C:\openCv3.2forc++\opencv\build\include\opencv2/core/mat.hpp(2586): warning C4819: 该文件包含不能在当前代码页(936)中表示的字符。请将该文件保存为 Unicode 格式以防止数据丢失 (编译源文件 ..\..\src\image_opencv.cpp)
C:\openCv3.2forc++\opencv\build\include\opencv2/core/persistence.hpp : warning C4819: 该文件包含不能在当前代码页(936)中表示的字符。请将该文件保存为 Unicode 格式以防止数据丢失 (编译源文件 ..\..\src\image_opencv.cpp)
C:\openCv3.2forc++\opencv\build\include\opencv2/core/utility.hpp : warning C4819: 该文件包含不能在当前代码页(936)中表示的字符。请将该文件保存为 Unicode 格式以防止数据丢失 (编译源文件 ..\..\src\image_opencv.cpp)
..\..\src\http_stream.cpp(110): warning C4267: “=”: 从“size_t”转换到“int”，可能丢失数据 (编译源文件 ..\..\src\http_stream.cpp)
..\..\src\http_stream.cpp(202): warning C4244: “参数”: 从“SOCKET”转换到“int”，可能丢失数据 (编译源文件 ..\..\src\http_stream.cpp)
..\..\src\http_stream.cpp(236): warning C4244: “参数”: 从“SOCKET”转换到“int”，可能丢失数据 (编译源文件 ..\..\src\http_stream.cpp)
..\..\src\http_stream.cpp(247): warning C4244: “参数”: 从“SOCKET”转换到“int”，可能丢失数据 (编译源文件 ..\..\src\http_stream.cpp)
..\..\src\http_stream.cpp(248): warning C4244: “参数”: 从“SOCKET”转换到“int”，可能丢失数据 (编译源文件 ..\..\src\http_stream.cpp)
..\..\src\http_stream.cpp(249): warning C4244: “参数”: 从“SOCKET”转换到“int”，可能丢失数据 (编译源文件 ..\..\src\http_stream.cpp)
..\..\src\http_stream.cpp(261): warning C4244: “参数”: 从“SOCKET”转换到“int”，可能丢失数据 (编译源文件 ..\..\src\http_stream.cpp)
..\..\src\http_stream.cpp(262): warning C4244: “参数”: 从“SOCKET”转换到“int”，可能丢失数据 (编译源文件 ..\..\src\http_stream.cpp)
C:\openCv3.2forc++\opencv\build\include\opencv2/core/utility.hpp : warning C4819: 该文件包含不能在当前代码页(936)中表示的字符。请将该文件保存为 Unicode 格式以防止数据丢失 (编译源文件 ..\..\src\image_opencv.cpp)
C:\openCv3.2forc++\opencv\build\include\opencv2/imgproc.hpp(592): warning C4819: 该文件包含不能在当前代码页(936)中表示的字符。请将该文件保存为 Unicode 格式以防止数据丢失 (编译源文件 ..\..\src\image_opencv.cpp)
C:\openCv3.2forc++\opencv\build\include\opencv2/core/mat.hpp(2586): warning C4819: 该文件包含不能在当前代码页(936)中表示的字符。请将该文件保存为 Unicode 格式以防止数据丢失 (编译源文件 ..\..\src\http_stream.cpp)
C:\openCv3.2forc++\opencv\build\include\opencv2/core/persistence.hpp : warning C4819: 该文件包含不能在当前代码页(936)中表示的字符。请将该文件保存为 Unicode 格式以防止数据丢失 (编译源文件 ..\..\src\http_stream.cpp)
C:\openCv3.2forc++\opencv\build\include\opencv2/core/utility.hpp : warning C4819: 该文件包含不能在当前代码页(936)中表示的字符。请将该文件保存为 Unicode 格式以防止数据丢失 (编译源文件 ..\..\src\http_stream.cpp)
C:\openCv3.2forc++\opencv\build\include\opencv2/core/utility.hpp : warning C4819: 该文件包含不能在当前代码页(936)中表示的字符。请将该文件保存为 Unicode 格式以防止数据丢失 (编译源文件 ..\..\src\http_stream.cpp)
C:\openCv3.2forc++\opencv\build\include\opencv2/imgproc.hpp(592): warning C4819: 该文件包含不能在当前代码页(936)中表示的字符。请将该文件保存为 Unicode 格式以防止数据丢失 (编译源文件 ..\..\src\http_stream.cpp)
..\..\src\image_opencv.cpp(314): warning C4267: “初始化”: 从“size_t”转换到“int”，可能丢失数据 (编译源文件 ..\..\src\image_opencv.cpp)
..\..\src\image_opencv.cpp(335): warning C4267: “初始化”: 从“size_t”转换到“int”，可能丢失数据 (编译源文件 ..\..\src\image_opencv.cpp)
..\..\src\image_opencv.cpp(489): warning C4800: “int”: 将值强制为布尔值 "true" 或 "false"(性能警告) (编译源文件 ..\..\src\image_opencv.cpp)
..\..\src\image_opencv.cpp(635): warning C4244: “=”: 从“double”转换到“int”，可能丢失数据 (编译源文件 ..\..\src\image_opencv.cpp)
..\..\src\image_opencv.cpp(898): warning C4244: “初始化”: 从“const float”转换到“int”，可能丢失数据 (编译源文件 ..\..\src\image_opencv.cpp)
..\..\src\image_opencv.cpp(928): warning C4244: “初始化”: 从“double”转换到“int”，可能丢失数据 (编译源文件 ..\..\src\image_opencv.cpp)
..\..\src\image_opencv.cpp(929): warning C4244: “初始化”: 从“double”转换到“int”，可能丢失数据 (编译源文件 ..\..\src\image_opencv.cpp)
..\..\src\image_opencv.cpp(930): warning C4244: “初始化”: 从“double”转换到“int”，可能丢失数据 (编译源文件 ..\..\src\image_opencv.cpp)
..\..\src\image_opencv.cpp(931): warning C4244: “初始化”: 从“double”转换到“int”，可能丢失数据 (编译源文件 ..\..\src\image_opencv.cpp)
..\..\src\image_opencv.cpp(954): warning C4244: “=”: 从“float”转换到“int”，可能丢失数据 (编译源文件 ..\..\src\image_opencv.cpp)
..\..\src\image_opencv.cpp(990): warning C4244: “参数”: 从“float”转换到“int”，可能丢失数据 (编译源文件 ..\..\src\image_opencv.cpp)
..\..\src\image_opencv.cpp(1027): warning C4244: “=”: 从“float”转换到“int”，可能丢失数据 (编译源文件 ..\..\src\image_opencv.cpp)
..\..\src\image_opencv.cpp(1040): warning C4244: “=”: 从“float”转换到“int”，可能丢失数据 (编译源文件 ..\..\src\image_opencv.cpp)
..\..\src\image_opencv.cpp(1083): warning C4244: “=”: 从“float”转换到“int”，可能丢失数据 (编译源文件 ..\..\src\image_opencv.cpp)
..\..\src\image_opencv.cpp(1084): warning C4244: “=”: 从“float”转换到“int”，可能丢失数据 (编译源文件 ..\..\src\image_opencv.cpp)
..\..\src\image_opencv.cpp(1099): warning C4244: “参数”: 从“float”转换到“int”，可能丢失数据 (编译源文件 ..\..\src\image_opencv.cpp)
..\..\src\image_opencv.cpp(1100): warning C4244: “参数”: 从“float”转换到“int”，可能丢失数据 (编译源文件 ..\..\src\image_opencv.cpp)
..\..\src\image_opencv.cpp(1112): warning C4244: “参数”: 从“float”转换到“int”，可能丢失数据 (编译源文件 ..\..\src\image_opencv.cpp)
..\..\src\image_opencv.cpp(1113): warning C4244: “参数”: 从“float”转换到“int”，可能丢失数据 (编译源文件 ..\..\src\image_opencv.cpp)
..\..\src\image_opencv.cpp(1248): warning C4244: “初始化”: 从“double”转换到“int”，可能丢失数据 (编译源文件 ..\..\src\image_opencv.cpp)
..\..\src\image_opencv.cpp(1249): warning C4244: “初始化”: 从“float”转换到“int”，可能丢失数据 (编译源文件 ..\..\src\image_opencv.cpp)
..\..\src\image_opencv.cpp(1250): warning C4244: “初始化”: 从“double”转换到“int”，可能丢失数据 (编译源文件 ..\..\src\image_opencv.cpp)
..\..\src\image_opencv.cpp(1251): warning C4244: “初始化”: 从“float”转换到“int”，可能丢失数据 (编译源文件 ..\..\src\image_opencv.cpp)
..\..\src\image_opencv.cpp(1428): warning C4244: “初始化”: 从“int”转换到“float”，可能丢失数据 (编译源文件 ..\..\src\image_opencv.cpp)
..\..\src\image_opencv.cpp(1429): warning C4244: “初始化”: 从“int”转换到“float”，可能丢失数据 (编译源文件 ..\..\src\image_opencv.cpp)
..\..\src\image_opencv.cpp(1440): warning C4244: “=”: 从“int”转换到“float”，可能丢失数据 (编译源文件 ..\..\src\image_opencv.cpp)
..\..\src\image_opencv.cpp(1444): warning C4244: “=”: 从“double”转换到“float”，可能丢失数据 (编译源文件 ..\..\src\image_opencv.cpp)
..\..\src\image_opencv.cpp(1391): warning C4101: “buff”: 未引用的局部变量 (编译源文件 ..\..\src\image_opencv.cpp)
..\..\src\image_opencv.cpp(1471): warning C4267: “参数”: 从“size_t”转换到“int”，可能丢失数据 (编译源文件 ..\..\src\image_opencv.cpp)
..\..\src\image_opencv.cpp(1475): warning C4244: “=”: 从“float”转换到“int”，可能丢失数据 (编译源文件 ..\..\src\image_opencv.cpp)
..\..\src\image_opencv.cpp(1476): warning C4244: “=”: 从“float”转换到“int”，可能丢失数据 (编译源文件 ..\..\src\image_opencv.cpp)
..\..\src\image_opencv.cpp(1488): warning C4244: “=”: 从“float”转换到“int”，可能丢失数据 (编译源文件 ..\..\src\image_opencv.cpp)
..\..\src\image_opencv.cpp(1489): warning C4244: “=”: 从“float”转换到“int”，可能丢失数据 (编译源文件 ..\..\src\image_opencv.cpp)
..\..\src\http_stream.cpp(350): warning C4267: “=”: 从“size_t”转换到“int”，可能丢失数据 (编译源文件 ..\..\src\http_stream.cpp)
..\..\src\http_stream.cpp(444): warning C4244: “参数”: 从“SOCKET”转换到“int”，可能丢失数据 (编译源文件 ..\..\src\http_stream.cpp)
..\..\src\http_stream.cpp(485): warning C4244: “参数”: 从“SOCKET”转换到“int”，可能丢失数据 (编译源文件 ..\..\src\http_stream.cpp)
..\..\src\http_stream.cpp(495): warning C4244: “参数”: 从“SOCKET”转换到“int”，可能丢失数据 (编译源文件 ..\..\src\http_stream.cpp)
..\..\src\http_stream.cpp(508): warning C4244: “参数”: 从“SOCKET”转换到“int”，可能丢失数据 (编译源文件 ..\..\src\http_stream.cpp)
..\..\src\http_stream.cpp(509): warning C4244: “参数”: 从“SOCKET”转换到“int”，可能丢失数据 (编译源文件 ..\..\src\http_stream.cpp)
..\..\src\http_stream.cpp(507): warning C4477: “sprintf”: 格式字符串“%zu”需要类型“unsigned __int64”的参数，但可变参数 1 拥有了类型“int” (编译源文件 ..\..\src\http_stream.cpp)
  ..\..\src\http_stream.cpp(507): note: 请考虑在格式字符串中使用“%u” (编译源文件 ..\..\src\http_stream.cpp)
  ..\..\src\http_stream.cpp(507): note: 请考虑在格式字符串中使用“%I32u” (编译源文件 ..\..\src\http_stream.cpp)
c:\users\59710\onedrive\毕业设计\yolo\darknet-master\src\httplib.h(1334): warning C4267: “参数”: 从“size_t”转换到“DWORD”，可能丢失数据 (编译源文件 ..\..\src\http_stream.cpp)
..\..\src\http_stream.cpp(588): warning C4305: “初始化”: 从“double”到“float”截断 (编译源文件 ..\..\src\http_stream.cpp)
..\..\src\http_stream.cpp(624): warning C4267: “初始化”: 从“size_t”转换到“int”，可能丢失数据 (编译源文件 ..\..\src\http_stream.cpp)
..\..\src\http_stream.cpp(655): warning C4244: “return”: 从“__int64”转换到“double”，可能丢失数据 (编译源文件 ..\..\src\http_stream.cpp)
  正在生成代码
c:\users\59710\onedrive\毕业设计\yolo\darknet-master\src\gemm.c(797): warning C4752: 找到 Intel(R) 高级矢量扩展；请考虑使用 /arch:AVX
c:\users\59710\onedrive\毕业设计\yolo\darknet-master\src\gemm.c(1198): warning C4752: 找到 Intel(R) 高级矢量扩展；请考虑使用 /arch:AVX
c:\users\59710\onedrive\毕业设计\yolo\darknet-master\src\gemm.c(1884): warning C4752: 找到 Intel(R) 高级矢量扩展；请考虑使用 /arch:AVX
c:\users\59710\onedrive\毕业设计\yolo\darknet-master\src\gemm.c(721): warning C4752: 找到 Intel(R) 高级矢量扩展；请考虑使用 /arch:AVX
  All 3888 functions were compiled because no usable IPDB/IOBJ from previous compilation was found.
  已完成代码的生成
  darknet.vcxproj -> C:\Users\59710\OneDrive\毕业设计\yolo\darknet-master\build\darknet\x64\darknet.exe
  darknet.vcxproj -> C:\Users\59710\OneDrive\毕业设计\yolo\darknet-master\build\darknet\x64\darknet.pdb (Full PDB)
